<?xml version="1.0" encoding="UTF-8"?>
<!-- Generated by org.testng.reporters.JUnitReportReporter -->
<testsuite skipped="0" hostname="Divya_PC" name="GeneralStoreTesting.TestCase1" tests="1" failures="0" timestamp="2021-06-02T18:39:49 IST" time="26.642" errors="0">
  <testcase name="validateFillFormDetailsForShopping" time="26.642" classname="GeneralStoreTesting.TestCase1"/>
  <system-out/>
</testsuite> <!-- GeneralStoreTesting.TestCase1 -->
