<?xml version="1.0" encoding="UTF-8"?>
<!-- Generated by org.testng.reporters.JUnitReportReporter -->
<testsuite skipped="0" hostname="Divya_PC" name="GeneralStoreTesting.TestCase2" tests="1" failures="0" timestamp="2021-06-02T18:39:48 IST" time="34.373" errors="0">
  <testcase name="verifyToastMessageErrorValidationForm" time="34.373" classname="GeneralStoreTesting.TestCase2"/>
  <system-out/>
</testsuite> <!-- GeneralStoreTesting.TestCase2 -->
